Using pre-set license
Built from '2020.2/staging' branch; Version is '2020.2.6f1 (8a2143876886) revision 9052483'; Using compiler version '192528614'; Build Type 'Release'
OS: 'Windows 10 Home; OS build 18363.1379; Version 1909; 64bit' Language: 'zh' Physical Memory: 16234 MB
BatchMode: 1, IsHumanControllingUs: 0, StartBugReporterOnCrash: 0, Is64bit: 1, IsPro: 0

 COMMAND LINE ARGUMENTS:
C:\Program Files\2020.2.6f1\Editor\Unity.exe
-adb2
-batchMode
-noUpm
-name
AssetImportWorker0
-projectPath
D:/Unity-test/test
-logFile
Logs/AssetImportWorker0.log
-srvPort
65092
Successfully changed project path to: D:/Unity-test/test
D:/Unity-test/test
Using Asset Import Pipeline V2.
Refreshing native plugins compatible for Editor in 22.54 ms, found 0 plugins.
Preloading 0 native plugins for Editor in 0.00 ms.
Initialize engine version: 2020.2.6f1 (8a2143876886)
[Subsystems] Discovering subsystems at path C:/Program Files/2020.2.6f1/Editor/Data/Resources/UnitySubsystems
[Subsystems] Discovering subsystems at path D:/Unity-test/test/Assets
GfxDevice: creating device client; threaded=0
Direct3D:
    Version:  Direct3D 11.0 [level 11.1]
    Renderer: NVIDIA GeForce GTX 1650 (ID=0x1f91)
    Vendor:   
    VRAM:     3962 MB
    Driver:   27.21.14.5206
Initialize mono
Mono path[0] = 'C:/Program Files/2020.2.6f1/Editor/Data/Managed'
Mono path[1] = 'C:/Program Files/2020.2.6f1/Editor/Data/MonoBleedingEdge/lib/mono/unityjit'
Mono config path = 'C:/Program Files/2020.2.6f1/Editor/Data/MonoBleedingEdge/etc'
Using monoOptions --debugger-agent=transport=dt_socket,embedding=1,server=y,suspend=n,address=127.0.0.1:56132
Begin MonoManager ReloadAssembly
Registering precompiled unity dll's ...
Register platform support module: C:/Program Files/2020.2.6f1/Editor/Data/PlaybackEngines/WindowsStandaloneSupport/UnityEditor.WindowsStandalone.Extensions.dll
Registered in 0.001707 seconds.
Native extension for WindowsStandalone target not found
Refreshing native plugins compatible for Editor in 22.02 ms, found 0 plugins.
Preloading 0 native plugins for Editor in 0.00 ms.
Invoked RoslynAnalysisRunner static constructor.
RoslynAnalysisRunner will not be running.
RoslynAnalysisRunner has terminated.
Mono: successfully reloaded assembly
- Completed reload, in  0.841 seconds
Platform modules already initialized, skipping
Registering precompiled user dll's ...
Registered in 0.000436 seconds.
Begin MonoManager ReloadAssembly
Native extension for WindowsStandalone target not found
Refreshing native plugins compatible for Editor in 0.21 ms, found 0 plugins.
Preloading 0 native plugins for Editor in 0.00 ms.
Invoked RoslynAnalysisRunner static constructor.
RoslynAnalysisRunner will not be running.
RoslynAnalysisRunner has terminated.
Mono: successfully reloaded assembly
- Completed reload, in  0.715 seconds
Platform modules already initialized, skipping
========================================================================
Worker process is ready to serve import requests
Launched and connected shader compiler UnityShaderCompiler.exe after 0.05 seconds
Refreshing native plugins compatible for Editor in 0.38 ms, found 0 plugins.
Preloading 0 native plugins for Editor in 0.00 ms.
Unloading 1230 Unused Serialized files (Serialized files now loaded: 0)
System memory in use before: 60.4 MB.
System memory in use after: 60.5 MB.

Unloading 13 unused Assets to reduce memory usage. Loaded Objects now: 1675.
Total: 2.034600 ms (FindLiveObjects: 0.300600 ms CreateObjectMapping: 0.090900 ms MarkObjects: 1.582800 ms  DeleteObjects: 0.059600 ms)

========================================================================
Received Import Request.
  path: Assets/prefabs/PatrolCtrl.prefab
  artifactKey: Guid(a8e2d3546a2b4a048998ada4c842a7b9) Importer(815301076,1909f56bfc062723c751e8b465ee728b)
Start importing Assets/prefabs/PatrolCtrl.prefab using Guid(a8e2d3546a2b4a048998ada4c842a7b9) Importer(815301076,1909f56bfc062723c751e8b465ee728b)  -> (artifact id: 'd93ae4c87b1e9f900d5205766759dfc1') in 0.099689 seconds
  Import took 0.101566 seconds .

========================================================================
Received Import Request.
  Time since last request: 0.000260 seconds.
  path: Assets/prefabs/Bullet.prefab
  artifactKey: Guid(86d74f62686efe7479f5b30a01b25c96) Importer(815301076,1909f56bfc062723c751e8b465ee728b)
Start importing Assets/prefabs/Bullet.prefab using Guid(86d74f62686efe7479f5b30a01b25c96) Importer(815301076,1909f56bfc062723c751e8b465ee728b)  -> (artifact id: '426969cf0204cf99fb88bcacf17cbfbe') in 0.006264 seconds
  Import took 0.007972 seconds .

========================================================================
Received Import Request.
  Time since last request: 0.000248 seconds.
  path: Assets/prefabs/Enemy.prefab
  artifactKey: Guid(0168a162f7755b3478a0dcf7ca7aca6e) Importer(815301076,1909f56bfc062723c751e8b465ee728b)
Start importing Assets/prefabs/Enemy.prefab using Guid(0168a162f7755b3478a0dcf7ca7aca6e) Importer(815301076,1909f56bfc062723c751e8b465ee728b)  -> (artifact id: '585ffb067c91d1fb0a39d9775f7b6700') in 0.010704 seconds
  Import took 0.012643 seconds .

========================================================================
Received Import Request.
  Time since last request: 0.000253 seconds.
  path: Assets/Materials/Body.mat
  artifactKey: Guid(256118668710bae458f173276ee462dc) Importer(815301076,1909f56bfc062723c751e8b465ee728b)
Start importing Assets/Materials/Body.mat using Guid(256118668710bae458f173276ee462dc) Importer(815301076,1909f56bfc062723c751e8b465ee728b)  -> (artifact id: '3f9bc3ad18a1446aabd00a059e29426e') in 0.034711 seconds
  Import took 0.036560 seconds .

========================================================================
Received Import Request.
  Time since last request: 1.494836 seconds.
  path: Assets/Scripts/test.cs
  artifactKey: Guid(fbc42340752a03d4485140c51f7a135d) Importer(815301076,1909f56bfc062723c751e8b465ee728b)
Start importing Assets/Scripts/test.cs using Guid(fbc42340752a03d4485140c51f7a135d) Importer(815301076,1909f56bfc062723c751e8b465ee728b)  -> (artifact id: 'e62f34ef933d38c7652916c002af8f51') in 0.002658 seconds
  Import took 0.004359 seconds .

========================================================================
Received Import Request.
  Time since last request: 0.004105 seconds.
  path: Assets/Scripts/test.cs
  artifactKey: Guid(fbc42340752a03d4485140c51f7a135d) Importer(815301076,1909f56bfc062723c751e8b465ee728b)
Start importing Assets/Scripts/test.cs using Guid(fbc42340752a03d4485140c51f7a135d) Importer(815301076,1909f56bfc062723c751e8b465ee728b)  -> (artifact id: 'e62f34ef933d38c7652916c002af8f51') in 0.000998 seconds
  Import took 0.002718 seconds .

========================================================================
Received Prepare
Refreshing native plugins compatible for Editor in 0.54 ms, found 0 plugins.
Preloading 0 native plugins for Editor in 0.00 ms.
Unloading 3 Unused Serialized files (Serialized files now loaded: 0)
System memory in use before: 39.5 MB.
System memory in use after: 39.6 MB.

Unloading 2 unused Assets to reduce memory usage. Loaded Objects now: 1715.
Total: 2.594400 ms (FindLiveObjects: 0.152400 ms CreateObjectMapping: 0.037400 ms MarkObjects: 2.389400 ms  DeleteObjects: 0.013600 ms)

========================================================================
Received Import Request.
  Time since last request: 139.430884 seconds.
  path: Assets/Scenes/TileTestScene.unity
  artifactKey: Guid(932ffc719df50e3479a6f96cfc7ace1e) Importer(815301076,1909f56bfc062723c751e8b465ee728b)
Start importing Assets/Scenes/TileTestScene.unity using Guid(932ffc719df50e3479a6f96cfc7ace1e) Importer(815301076,1909f56bfc062723c751e8b465ee728b)  -> (artifact id: 'a0fbcc5bf5715a1bbc50e203aecf6ae3') in 0.002077 seconds
  Import took 0.004247 seconds .

========================================================================
Received Import Request.
  Time since last request: 151.607907 seconds.
  path: Assets/Scenes/SampleScene.unity
  artifactKey: Guid(2cda990e2423bbf4892e6590ba056729) Importer(815301076,1909f56bfc062723c751e8b465ee728b)
Start importing Assets/Scenes/SampleScene.unity using Guid(2cda990e2423bbf4892e6590ba056729) Importer(815301076,1909f56bfc062723c751e8b465ee728b)  -> (artifact id: 'afc094e36fde190b2899e2e092806c2f') in 0.001916 seconds
  Import took 0.004106 seconds .

AssetImportWorkerClient::OnTransportError - code=2 error=End of file
